SF:lib\core\error\failure.dart
DA:6,0
DA:8,0
DA:9,0
DA:13,0
DA:18,0
DA:22,0
LF:6
LH:0
end_of_record
SF:lib\feature\auth\domain\use_case\user_login_usecase.dart
DA:11,1
DA:13,0
DA:16,0
DA:18,0
DA:25,1
DA:28,1
DA:31,4
LF:7
LH:4
end_of_record
SF:lib\app\constant\api_endpoints.dart
DA:2,0
LF:1
LH:0
end_of_record
SF:lib\app\constant\hive_table_constant.dart
DA:2,0
LF:1
LH:0
end_of_record
SF:lib\app\service_locator\service_locator.dart
DA:156,0
DA:158,0
DA:160,0
DA:163,0
DA:166,0
DA:169,0
DA:170,0
DA:174,0
DA:177,0
DA:179,0
DA:180,0
DA:183,0
DA:184,0
DA:188,0
DA:189,0
DA:190,0
DA:194,0
DA:195,0
DA:196,0
DA:201,0
DA:202,0
DA:203,0
DA:207,0
DA:208,0
DA:209,0
DA:214,0
DA:215,0
DA:216,0
DA:220,0
DA:221,0
DA:222,0
LF:31
LH:0
end_of_record
SF:lib\core\network\api_service.dart
DA:11,0
DA:13,0
DA:14,0
DA:15,0
DA:16,0
DA:17,0
DA:18,0
DA:19,0
DA:20,0
DA:26,0
LF:10
LH:0
end_of_record
SF:lib\core\network\hive_service.dart
DA:8,0
DA:10,0
DA:11,0
DA:13,0
DA:15,0
DA:20,0
DA:21,0
DA:22,0
DA:24,0
DA:25,0
DA:26,0
DA:28,0
DA:29,0
DA:30,0
DA:34,0
DA:35,0
DA:38,0
DA:39,0
DA:40,0
DA:42,0
LF:20
LH:0
end_of_record
SF:lib\feature\auth\data\data_source\local_datasource\user_local_datasource.dart
DA:10,0
DA:14,0
DA:17,0
DA:18,0
DA:20,0
DA:27,0
DA:30,0
DA:32,0
DA:34,0
DA:38,0
LF:10
LH:0
end_of_record
SF:lib\feature\auth\data\data_source\remote_datasource\user_remote_datasource.dart
DA:12,0
DA:15,0
DA:18,0
DA:20,0
DA:22,0
DA:23,0
DA:26,0
DA:28,0
DA:29,0
DA:31,0
DA:35,0
DA:38,0
DA:39,0
DA:41,0
DA:43,0
DA:46,0
DA:47,0
DA:50,0
DA:51,0
DA:53,0
LF:20
LH:0
end_of_record
SF:lib\feature\auth\data\repository\local_repository\user_local_repository.dart
DA:11,0
DA:15,0
DA:18,0
DA:19,0
DA:21,0
DA:27,0
DA:33,0
DA:34,0
DA:37,0
LF:9
LH:0
end_of_record
SF:lib\feature\auth\data\repository\remote_repository\user_remote_repository.dart
DA:12,0
DA:19,0
DA:23,0
DA:24,0
DA:26,0
DA:32,0
DA:36,0
DA:39,0
LF:8
LH:0
end_of_record
SF:lib\feature\auth\domain\use_case\user_register_usecase.dart
DA:14,2
DA:21,0
DA:27,0
DA:29,0
DA:30,0
DA:31,0
DA:32,0
DA:38,1
DA:41,1
DA:43,1
DA:44,1
DA:45,1
DA:46,1
DA:49,2
LF:14
LH:8
end_of_record
SF:lib\feature\auth\presentation\view_model\login_view_model\login_view_model.dart
DA:17,0
DA:18,0
DA:19,0
DA:20,0
DA:23,0
DA:27,0
DA:28,0
DA:29,0
DA:30,0
DA:31,0
DA:32,0
DA:33,0
DA:35,0
DA:42,0
DA:46,0
DA:48,0
DA:49,0
DA:52,0
DA:53,0
DA:54,0
DA:55,0
DA:56,0
DA:61,0
DA:62,0
DA:63,0
DA:64,0
DA:69,0
DA:70,0
DA:71,0
DA:72,0
LF:30
LH:0
end_of_record
SF:lib\feature\auth\presentation\view_model\register_view_model\register_view_model.dart
DA:17,1
DA:22,2
DA:23,2
DA:26,1
DA:30,3
DA:31,2
DA:32,1
DA:33,1
DA:34,1
DA:35,1
DA:40,1
DA:41,0
DA:42,0
DA:43,0
DA:44,0
DA:45,0
DA:52,1
DA:53,3
DA:54,1
DA:55,1
LF:20
LH:15
end_of_record
SF:lib\core\common\snackbar.dart
DA:3,1
DA:8,2
DA:9,1
DA:10,1
LF:4
LH:4
end_of_record
SF:lib\core\network\dio_error_interceptor.dart
DA:4,0
DA:8,0
DA:9,0
DA:10,0
DA:12,0
DA:13,0
DA:22,0
DA:23,0
DA:24,0
DA:26,0
DA:29,0
LF:11
LH:0
end_of_record
SF:lib\feature\auth\data\model\user_hive_model.dart
DA:21,0
DA:27,0
DA:29,0
DA:35,0
DA:36,0
DA:37,0
DA:38,0
DA:39,0
DA:40,0
DA:45,0
DA:46,0
DA:47,0
DA:48,0
DA:49,0
DA:50,0
DA:56,0
DA:58,0
DA:60,0
DA:61,0
DA:62,0
DA:63,0
LF:21
LH:0
end_of_record
SF:lib\feature\auth\data\model\user_hive_model.g.dart
DA:13,0
DA:15,0
DA:16,0
DA:17,0
DA:19,0
DA:20,0
DA:21,0
DA:22,0
DA:23,0
DA:27,0
DA:30,0
DA:31,0
DA:32,0
DA:33,0
DA:34,0
DA:35,0
DA:36,0
DA:37,0
DA:38,0
DA:41,0
DA:42,0
DA:44,0
DA:47,0
DA:48,0
DA:49,0
LF:25
LH:0
end_of_record
SF:lib\feature\auth\domain\entity\user_entity.dart
DA:12,7
DA:20,1
DA:22,1
DA:23,1
DA:24,1
DA:25,1
DA:26,1
DA:28,1
LF:8
LH:8
end_of_record
SF:lib\feature\auth\data\model\user_api_model.dart
DA:19,0
DA:28,0
DA:29,0
DA:31,0
DA:34,0
DA:35,0
DA:36,0
DA:37,0
DA:38,0
DA:39,0
DA:44,0
DA:45,0
DA:46,0
DA:47,0
DA:48,0
DA:49,0
DA:53,0
DA:55,0
DA:56,0
DA:57,0
DA:58,0
DA:59,0
LF:22
LH:0
end_of_record
SF:lib\feature\auth\data\model\user_api_model.g.dart
DA:9,0
DA:10,0
DA:11,0
DA:12,0
DA:13,0
DA:16,0
DA:17,0
DA:18,0
DA:19,0
DA:20,0
DA:21,0
LF:11
LH:0
end_of_record
SF:lib\feature\auth\presentation\view\loginpage.dart
DA:8,6
DA:10,1
DA:11,1
DA:20,0
DA:21,0
DA:22,0
DA:26,1
DA:28,2
DA:29,2
DA:30,1
DA:33,1
DA:35,1
DA:37,1
DA:38,1
DA:39,1
DA:41,1
DA:42,1
DA:43,1
DA:44,1
DA:45,1
DA:60,1
DA:61,1
DA:62,1
DA:63,1
DA:64,1
DA:68,1
DA:70,1
DA:71,1
DA:72,2
DA:74,1
DA:75,1
DA:83,1
DA:84,1
DA:85,1
DA:86,1
DA:87,1
DA:88,1
DA:91,1
DA:92,2
DA:95,1
DA:98,1
DA:100,1
DA:101,1
DA:102,2
DA:104,1
DA:105,1
DA:114,1
DA:116,1
DA:117,0
DA:130,1
DA:133,1
DA:134,1
DA:135,3
DA:136,2
DA:137,1
DA:139,2
DA:140,2
DA:155,1
DA:157,1
DA:159,1
DA:160,0
DA:161,0
DA:163,0
LF:63
LH:56
end_of_record
SF:lib\feature\auth\presentation\view\sign_up.dart
DA:187,6
DA:189,1
DA:190,1
DA:199,1
DA:201,2
DA:202,2
DA:203,2
DA:204,1
DA:207,1
DA:209,1
DA:211,1
DA:213,1
DA:214,1
DA:215,1
DA:216,1
DA:218,1
DA:220,1
DA:221,1
DA:236,1
DA:237,1
DA:240,2
DA:244,1
DA:245,1
DA:248,1
DA:249,1
DA:250,0
DA:256,1
DA:257,1
DA:261,1
DA:262,2
DA:266,1
DA:269,1
DA:270,1
DA:272,1
DA:273,1
DA:276,1
DA:277,3
DA:278,0
DA:279,0
DA:281,0
DA:282,0
DA:284,0
DA:297,1
DA:298,1
DA:299,1
DA:302,1
DA:303,1
DA:310,1
DA:311,1
DA:312,0
DA:314,0
DA:330,1
DA:337,1
DA:342,1
DA:345,1
DA:347,1
DA:349,1
DA:350,1
DA:351,2
DA:353,1
DA:354,1
LF:61
LH:53
end_of_record
SF:lib\feature\auth\presentation\view_model\login_view_model\login_event.dart
DA:9,0
DA:15,0
DA:23,1
LF:3
LH:1
end_of_record
SF:lib\feature\auth\presentation\view_model\register_view_model\register_event.dart
DA:14,1
LF:1
LH:1
end_of_record
SF:lib\feature\auth\presentation\view_model\login_view_model\login_state.dart
DA:7,1
DA:9,0
DA:11,0
DA:12,0
DA:13,0
DA:14,0
DA:18,0
DA:19,0
LF:8
LH:1
end_of_record
SF:lib\screen\dashboardscreen.dart
DA:87,0
DA:89,0
DA:91,0
DA:93,0
DA:94,0
DA:95,0
DA:97,0
DA:98,0
DA:104,0
DA:107,0
DA:109,0
DA:110,0
DA:111,0
DA:112,0
DA:145,0
DA:146,0
DA:148,0
DA:153,0
DA:154,0
DA:155,0
DA:156,0
DA:157,0
DA:158,0
DA:159,0
DA:170,0
DA:171,0
DA:173,0
DA:176,0
DA:177,0
DA:180,0
DA:181,0
DA:183,0
DA:185,0
DA:186,0
DA:187,0
DA:193,0
LF:36
LH:0
end_of_record
SF:lib\feature\auth\presentation\view_model\register_view_model\register_state.dart
DA:8,1
DA:14,1
DA:19,1
DA:24,1
DA:25,0
DA:26,1
DA:31,1
DA:32,3
LF:8
LH:7
end_of_record
